<?xml version="1.0" encoding="UTF-8"?>
<!-- Generated by org.testng.reporters.JUnitReportReporter -->
<testsuite hostname="QUASPC1212" failures="0" tests="3" name="pv_admin.PV_Registration" time="50.669" errors="0" timestamp="2022-01-28T09:21:03 IST" skipped="0">
  <testcase classname="pv_admin.PV_Registration" name="PV_Registration_2" time="16.187"/>
  <system-out/>
  <testcase classname="pv_admin.PV_Registration" name="PV_Registration_3" time="18.447"/>
  <system-out/>
  <testcase classname="pv_admin.PV_Registration" name="PV_Registration_4" time="16.035"/>
  <system-out/>
</testsuite> <!-- pv_admin.PV_Registration -->
