<?xml version="1.0" encoding="UTF-8"?>
<!-- Generated by org.testng.reporters.JUnitReportReporter -->
<testsuite hostname="QUASPC1212" failures="0" tests="2" name="pv_admin.PV_LandingPage" time="39.577" errors="0" timestamp="2022-02-25T15:55:29 IST" skipped="0">
  <testcase classname="pv_admin.PV_LandingPage" name="PV_HomePage_57" time="20.304"/>
  <system-out/>
  <testcase classname="pv_admin.PV_LandingPage" name="PV_HomePage_58" time="19.273"/>
  <system-out/>
</testsuite> <!-- pv_admin.PV_LandingPage -->
