<?xml version="1.0" encoding="UTF-8"?>
<!-- Generated by org.testng.reporters.JUnitReportReporter -->
<testsuite hostname="QUASPC1212" failures="0" tests="1" name="pv_admin.PV_LandingPage" time="43.440" errors="0" timestamp="2022-05-05T10:56:28 IST" skipped="0">
  <testcase classname="pv_admin.PV_LandingPage" name="PV_HomePage_76" time="43.440"/>
  <system-out/>
</testsuite> <!-- pv_admin.PV_LandingPage -->
