<?xml version="1.0" encoding="UTF-8"?>
<!-- Generated by org.testng.reporters.JUnitReportReporter -->
<testsuite hostname="QUASPC1212" failures="0" tests="113" name="pv_admin.PV_LayerManagement" time="52573.199" errors="2" timestamp="2022-03-03T09:23:57 IST" skipped="65">
  <testcase classname="pv_admin.PV_LayerManagement" name="Openurl" time="29.668">
    <error message="io.github.bonigarcia.wdm.WebDriverManagerException: chromedriver &lt;HTML&gt;&lt;HEAD&gt;
&lt;meta http-equiv=pragma content=nocache&gt;
&lt;META HTTP-EQUIV=Expires CONTENT=-1&gt;
&lt;SCRIPT&gt;
var url = new DOMParser().parseFromString(&#039;&lt;a&gt;&lt;/a&gt;&#039;, &#039;text/xml&#039;).documentElement.textContent;
window.onload=function() {
	document.getElementById(&quot;portal_url&quot;).submit();
}
                                                                                                                                                                                                                                                                
&lt;/SCRIPT&gt;
&lt;/HEAD&gt;&lt;BODY&gt;
&lt;form id=&#039;portal_url&#039; action=&#039;https://192.168.2.1:8090/httpclient.html&#039; method= &#039;POST&#039;&gt;
&lt;input type=&#039;hidden&#039; name=&#039;request_url&#039; value=&#039;&#039;/&gt;
&lt;/form&gt;
&lt;/BODY&gt;
&lt;/HTML&gt;
 for WIN64 not found in http://npm.taobao.org/mirrors/chromedriver/" type="io.github.bonigarcia.wdm.WebDriverManagerException">
      <![CDATA[io.github.bonigarcia.wdm.WebDriverManagerException: io.github.bonigarcia.wdm.WebDriverManagerException: chromedriver <HTML><HEAD>
<meta http-equiv=pragma content=nocache>
<META HTTP-EQUIV=Expires CONTENT=-1>
<SCRIPT>
var url = new DOMParser().parseFromString('<a></a>', 'text/xml').documentElement.textContent;
window.onload=function() {
document.getElementById("portal_url").submit();
}
                                                                                                                                                                                                                                                                
</SCRIPT>
</HEAD><BODY>
<form id='portal_url' action='https://192.168.2.1:8090/httpclient.html' method= 'POST'>
<input type='hidden' name='request_url' value=''/>
</form>
</BODY>
</HTML>
 for WIN64 not found in http://npm.taobao.org/mirrors/chromedriver/
at io.github.bonigarcia.wdm.WebDriverManager.handleException(WebDriverManager.java:776)
at io.github.bonigarcia.wdm.WebDriverManager.manage(WebDriverManager.java:550)
at io.github.bonigarcia.wdm.WebDriverManager.handleException(WebDriverManager.java:773)
at io.github.bonigarcia.wdm.WebDriverManager.manage(WebDriverManager.java:550)
at io.github.bonigarcia.wdm.WebDriverManager.handleException(WebDriverManager.java:766)
at io.github.bonigarcia.wdm.WebDriverManager.manage(WebDriverManager.java:550)
at io.github.bonigarcia.wdm.WebDriverManager.setup(WebDriverManager.java:260)
at pv_admin.PV_LayerManagement.Openurl(PV_LayerManagement.java:43)
at jdk.internal.reflect.GeneratedMethodAccessor1.invoke(Unknown Source)
at java.base/jdk.internal.reflect.DelegatingMethodAccessorImpl.invoke(DelegatingMethodAccessorImpl.java:43)
at java.base/java.lang.reflect.Method.invoke(Method.java:566)
at org.testng.internal.MethodInvocationHelper.invokeMethod(MethodInvocationHelper.java:133)
at org.testng.internal.MethodInvocationHelper.invokeMethodConsideringTimeout(MethodInvocationHelper.java:62)
at org.testng.internal.ConfigInvoker.invokeConfigurationMethod(ConfigInvoker.java:385)
at org.testng.internal.ConfigInvoker.invokeConfigurations(ConfigInvoker.java:321)
at org.testng.internal.TestInvoker.runConfigMethods(TestInvoker.java:700)
at org.testng.internal.TestInvoker.invokeMethod(TestInvoker.java:527)
at org.testng.internal.TestInvoker.invokeTestMethod(TestInvoker.java:173)
at org.testng.internal.MethodRunner.runInSequence(MethodRunner.java:46)
at org.testng.internal.TestInvoker$MethodInvocationAgent.invoke(TestInvoker.java:824)
at org.testng.internal.TestInvoker.invokeTestMethods(TestInvoker.java:146)
at org.testng.internal.TestMethodWorker.invokeTestMethods(TestMethodWorker.java:146)
at org.testng.internal.TestMethodWorker.run(TestMethodWorker.java:128)
at java.base/java.util.ArrayList.forEach(ArrayList.java:1541)
at org.testng.TestRunner.privateRun(TestRunner.java:794)
at org.testng.TestRunner.run(TestRunner.java:596)
at org.testng.SuiteRunner.runTest(SuiteRunner.java:377)
at org.testng.SuiteRunner.access$000(SuiteRunner.java:28)
at org.testng.SuiteRunner$SuiteWorker.run(SuiteRunner.java:418)
at org.testng.internal.thread.ThreadUtil.lambda$execute$0(ThreadUtil.java:64)
at java.base/java.util.concurrent.FutureTask.run(FutureTask.java:264)
at java.base/java.util.concurrent.ThreadPoolExecutor.runWorker(ThreadPoolExecutor.java:1128)
at java.base/java.util.concurrent.ThreadPoolExecutor$Worker.run(ThreadPoolExecutor.java:628)
at java.base/java.lang.Thread.run(Thread.java:834)
Caused by: io.github.bonigarcia.wdm.WebDriverManagerException: chromedriver <HTML><HEAD>
<meta http-equiv=pragma content=nocache>
<META HTTP-EQUIV=Expires CONTENT=-1>
<SCRIPT>
var url = new DOMParser().parseFromString('<a></a>', 'text/xml').documentElement.textContent;
window.onload=function() {
document.getElementById("portal_url").submit();
}
                                                                                                                                                                                                                                                                
</SCRIPT>
</HEAD><BODY>
<form id='portal_url' action='https://192.168.2.1:8090/httpclient.html' method= 'POST'>
<input type='hidden' name='request_url' value=''/>
</form>
</BODY>
</HTML>
 for WIN64 not found in http://npm.taobao.org/mirrors/chromedriver/
at io.github.bonigarcia.wdm.WebDriverManager.downloadAndExport(WebDriverManager.java:575)
at io.github.bonigarcia.wdm.WebDriverManager.manage(WebDriverManager.java:547)
... 32 more
]]>
    </error>
  </testcase> <!-- Openurl -->
  <system-out/>
  <testcase classname="pv_admin.PV_LayerManagement" name="PV_LayerManagement_01" time="30.650"/>
  <system-out/>
  <testcase classname="pv_admin.PV_LayerManagement" name="PV_LayerManagement_02" time="31.270"/>
  <system-out/>
  <testcase classname="pv_admin.PV_LayerManagement" name="PV_LayerManagement_03" time="32.888"/>
  <system-out/>
  <testcase classname="pv_admin.PV_LayerManagement" name="PV_LayerManagement_04" time="43.382"/>
  <system-out/>
  <testcase classname="pv_admin.PV_LayerManagement" name="PV_LayerManagement_05" time="45.364"/>
  <system-out/>
  <testcase classname="pv_admin.PV_LayerManagement" name="PV_LayerManagement_06" time="35.102"/>
  <system-out/>
  <testcase classname="pv_admin.PV_LayerManagement" name="PV_LayerManagement_07" time="34.989"/>
  <system-out/>
  <testcase classname="pv_admin.PV_LayerManagement" name="PV_LayerManagement_08" time="34.964"/>
  <system-out/>
  <testcase classname="pv_admin.PV_LayerManagement" name="PV_LayerManagement_09" time="103.989"/>
  <system-out/>
  <testcase classname="pv_admin.PV_LayerManagement" name="PV_LayerManagement_10" time="45.502"/>
  <system-out/>
  <testcase classname="pv_admin.PV_LayerManagement" name="PV_LayerManagement_11" time="47.667"/>
  <system-out/>
  <testcase classname="pv_admin.PV_LayerManagement" name="PV_LayerManagement_12" time="49.675"/>
  <system-out/>
  <testcase classname="pv_admin.PV_LayerManagement" name="PV_LayerManagement_13" time="43.268"/>
  <system-out/>
  <testcase classname="pv_admin.PV_LayerManagement" name="PV_LayerManagement_14" time="35.053"/>
  <system-out/>
  <testcase classname="pv_admin.PV_LayerManagement" name="PV_LayerManagement_15" time="34.917"/>
  <system-out/>
  <testcase classname="pv_admin.PV_LayerManagement" name="PV_LayerManagement_16" time="45.410"/>
  <system-out/>
  <testcase classname="pv_admin.PV_LayerManagement" name="PV_LayerManagement_17" time="57.961"/>
  <system-out/>
  <testcase classname="pv_admin.PV_LayerManagement" name="PV_LayerManagement_18" time="34.010"/>
  <system-out/>
  <testcase classname="pv_admin.PV_LayerManagement" name="PV_LayerManagement_19" time="36.216"/>
  <system-out/>
  <testcase classname="pv_admin.PV_LayerManagement" name="PV_LayerManagement_20" time="36.238"/>
  <system-out/>
  <testcase classname="pv_admin.PV_LayerManagement" name="PV_LayerManagement_21" time="40.188"/>
  <system-out/>
  <testcase classname="pv_admin.PV_LayerManagement" name="PV_LayerManagement_22" time="38.914"/>
  <system-out/>
  <testcase classname="pv_admin.PV_LayerManagement" name="PV_LayerManagement_23" time="39.267"/>
  <system-out/>
  <testcase classname="pv_admin.PV_LayerManagement" name="PV_LayerManagement_24" time="39.192"/>
  <system-out/>
  <testcase classname="pv_admin.PV_LayerManagement" name="PV_LayerManagement_25" time="38.971"/>
  <system-out/>
  <testcase classname="pv_admin.PV_LayerManagement" name="PV_LayerManagement_26" time="38.989"/>
  <system-out/>
  <testcase classname="pv_admin.PV_LayerManagement" name="PV_LayerManagement_27" time="42.192"/>
  <system-out/>
  <testcase classname="pv_admin.PV_LayerManagement" name="PV_LayerManagement_28" time="40.891"/>
  <system-out/>
  <testcase classname="pv_admin.PV_LayerManagement" name="PV_LayerManagement_29" time="41.941"/>
  <system-out/>
  <testcase classname="pv_admin.PV_LayerManagement" name="PV_LayerManagement_30" time="44.564"/>
  <system-out/>
  <testcase classname="pv_admin.PV_LayerManagement" name="PV_LayerManagement_31" time="47.894"/>
  <system-out/>
  <testcase classname="pv_admin.PV_LayerManagement" name="PV_LayerManagement_32" time="43.461"/>
  <system-out/>
  <testcase classname="pv_admin.PV_LayerManagement" name="PV_LayerManagement_33" time="40.155"/>
  <system-out/>
  <testcase classname="pv_admin.PV_LayerManagement" name="PV_LayerManagement_34" time="40.172"/>
  <system-out/>
  <testcase classname="pv_admin.PV_LayerManagement" name="PV_LayerManagement_35" time="42.517"/>
  <system-out/>
  <testcase classname="pv_admin.PV_LayerManagement" name="PV_LayerManagement_36" time="44.549"/>
  <system-out/>
  <testcase classname="pv_admin.PV_LayerManagement" name="PV_LayerManagement_37" time="43.482">
    <error message="element click intercepted: Element &lt;button class=&quot;btn-secondary btn&quot; data-dismiss=&quot;modal&quot; type=&quot;button&quot;&gt;...&lt;/button&gt; is not clickable at point (1045, 330). Other element would receive the click: &lt;div class=&quot;swal-modal&quot; role=&quot;dialog&quot; aria-modal=&quot;true&quot;&gt;...&lt;/div&gt;
  (Session info: chrome=98.0.4758.102)
Build info: version: &#039;3.141.59&#039;, revision: &#039;e82be7d358&#039;, time: &#039;2018-11-14T08:17:03&#039;
System info: host: &#039;QUASPC1212&#039;, ip: &#039;192.168.1.212&#039;, os.name: &#039;Windows 10&#039;, os.arch: &#039;amd64&#039;, os.version: &#039;10.0&#039;, java.version: &#039;11.0.12&#039;
Driver info: org.openqa.selenium.chrome.ChromeDriver
Capabilities {acceptInsecureCerts: false, browserName: chrome, browserVersion: 98.0.4758.102, chrome: {chromedriverVersion: 98.0.4758.80 (7f0488e8ba0d8..., userDataDir: C:\Users\neha.p\AppData\Loc...}, goog:chromeOptions: {debuggerAddress: localhost:64120}, javascriptEnabled: true, networkConnectionEnabled: false, pageLoadStrategy: normal, platform: WINDOWS, platformName: WINDOWS, proxy: Proxy(), setWindowRect: true, strictFileInteractability: false, timeouts: {implicit: 0, pageLoad: 300000, script: 30000}, unhandledPromptBehavior: dismiss and notify, webauthn:extension:credBlob: true, webauthn:extension:largeBlob: true, webauthn:virtualAuthenticators: true}
Session ID: 16bc52f8aeeef98598cb1d0fd1b5474d" type="org.openqa.selenium.ElementClickInterceptedException">
      <![CDATA[org.openqa.selenium.ElementClickInterceptedException: element click intercepted: Element <button class="btn-secondary btn" data-dismiss="modal" type="button">...</button> is not clickable at point (1045, 330). Other element would receive the click: <div class="swal-modal" role="dialog" aria-modal="true">...</div>
  (Session info: chrome=98.0.4758.102)
Build info: version: '3.141.59', revision: 'e82be7d358', time: '2018-11-14T08:17:03'
System info: host: 'QUASPC1212', ip: '192.168.1.212', os.name: 'Windows 10', os.arch: 'amd64', os.version: '10.0', java.version: '11.0.12'
Driver info: org.openqa.selenium.chrome.ChromeDriver
Capabilities {acceptInsecureCerts: false, browserName: chrome, browserVersion: 98.0.4758.102, chrome: {chromedriverVersion: 98.0.4758.80 (7f0488e8ba0d8..., userDataDir: C:\Users\neha.p\AppData\Loc...}, goog:chromeOptions: {debuggerAddress: localhost:64120}, javascriptEnabled: true, networkConnectionEnabled: false, pageLoadStrategy: normal, platform: WINDOWS, platformName: WINDOWS, proxy: Proxy(), setWindowRect: true, strictFileInteractability: false, timeouts: {implicit: 0, pageLoad: 300000, script: 30000}, unhandledPromptBehavior: dismiss and notify, webauthn:extension:credBlob: true, webauthn:extension:largeBlob: true, webauthn:virtualAuthenticators: true}
Session ID: 16bc52f8aeeef98598cb1d0fd1b5474d
at java.base/jdk.internal.reflect.NativeConstructorAccessorImpl.newInstance0(Native Method)
at java.base/jdk.internal.reflect.NativeConstructorAccessorImpl.newInstance(NativeConstructorAccessorImpl.java:62)
at java.base/jdk.internal.reflect.DelegatingConstructorAccessorImpl.newInstance(DelegatingConstructorAccessorImpl.java:45)
at java.base/java.lang.reflect.Constructor.newInstance(Constructor.java:490)
at org.openqa.selenium.remote.http.W3CHttpResponseCodec.createException(W3CHttpResponseCodec.java:187)
at org.openqa.selenium.remote.http.W3CHttpResponseCodec.decode(W3CHttpResponseCodec.java:122)
at org.openqa.selenium.remote.http.W3CHttpResponseCodec.decode(W3CHttpResponseCodec.java:49)
at org.openqa.selenium.remote.HttpCommandExecutor.execute(HttpCommandExecutor.java:158)
at org.openqa.selenium.remote.service.DriverCommandExecutor.execute(DriverCommandExecutor.java:83)
at org.openqa.selenium.remote.RemoteWebDriver.execute(RemoteWebDriver.java:552)
at org.openqa.selenium.remote.RemoteWebElement.execute(RemoteWebElement.java:285)
at org.openqa.selenium.remote.RemoteWebElement.click(RemoteWebElement.java:84)
at pv_admin.PV_LayerManagement.PV_LayerManagement_37(PV_LayerManagement.java:2022)
at java.base/jdk.internal.reflect.NativeMethodAccessorImpl.invoke0(Native Method)
at java.base/jdk.internal.reflect.NativeMethodAccessorImpl.invoke(NativeMethodAccessorImpl.java:62)
at java.base/jdk.internal.reflect.DelegatingMethodAccessorImpl.invoke(DelegatingMethodAccessorImpl.java:43)
at java.base/java.lang.reflect.Method.invoke(Method.java:566)
at org.testng.internal.MethodInvocationHelper.invokeMethod(MethodInvocationHelper.java:133)
at org.testng.internal.TestInvoker.invokeMethod(TestInvoker.java:598)
at org.testng.internal.TestInvoker.invokeTestMethod(TestInvoker.java:173)
at org.testng.internal.MethodRunner.runInSequence(MethodRunner.java:46)
at org.testng.internal.TestInvoker$MethodInvocationAgent.invoke(TestInvoker.java:824)
at org.testng.internal.TestInvoker.invokeTestMethods(TestInvoker.java:146)
at org.testng.internal.TestMethodWorker.invokeTestMethods(TestMethodWorker.java:146)
at org.testng.internal.TestMethodWorker.run(TestMethodWorker.java:128)
at java.base/java.util.ArrayList.forEach(ArrayList.java:1541)
at org.testng.TestRunner.privateRun(TestRunner.java:794)
at org.testng.TestRunner.run(TestRunner.java:596)
at org.testng.SuiteRunner.runTest(SuiteRunner.java:377)
at org.testng.SuiteRunner.access$000(SuiteRunner.java:28)
at org.testng.SuiteRunner$SuiteWorker.run(SuiteRunner.java:418)
at org.testng.internal.thread.ThreadUtil.lambda$execute$0(ThreadUtil.java:64)
at java.base/java.util.concurrent.FutureTask.run(FutureTask.java:264)
at java.base/java.util.concurrent.ThreadPoolExecutor.runWorker(ThreadPoolExecutor.java:1128)
at java.base/java.util.concurrent.ThreadPoolExecutor$Worker.run(ThreadPoolExecutor.java:628)
at java.base/java.lang.Thread.run(Thread.java:834)
]]>
    </error>
  </testcase> <!-- PV_LayerManagement_37 -->
  <system-out/>
  <testcase classname="pv_admin.PV_LayerManagement" name="PV_LayerManagement_38" time="39.840"/>
  <system-out/>
  <testcase classname="pv_admin.PV_LayerManagement" name="PV_LayerManagement_39" time="42.491"/>
  <system-out/>
  <testcase classname="pv_admin.PV_LayerManagement" name="PV_LayerManagement_43" time="31.803"/>
  <system-out/>
  <testcase classname="pv_admin.PV_LayerManagement" name="PV_LayerManagement_44" time="42.040"/>
  <system-out/>
  <testcase classname="pv_admin.PV_LayerManagement" name="PV_LayerManagement_45" time="36.541"/>
  <system-out/>
  <testcase classname="pv_admin.PV_LayerManagement" name="PV_LayerManagement_46" time="36.593"/>
  <system-out/>
  <testcase classname="pv_admin.PV_LayerManagement" name="PV_LayerManagement_47" time="44.075"/>
  <system-out/>
  <testcase classname="pv_admin.PV_LayerManagement" name="PV_LayerManagement_48" time="50654.762"/>
  <system-out/>
  <testcase classname="pv_admin.PV_LayerManagement" name="PV_LayerManagement_50" time="37.379"/>
  <system-out/>
  <testcase classname="pv_admin.PV_LayerManagement" name="PV_LayerManagement_49" time="12.158"/>
  <system-out/>
  <testcase classname="pv_admin.PV_LayerManagement" name="PV_LayerManagement_51" time="0.000">
    <skipped/>
  </testcase> <!-- PV_LayerManagement_51 -->
  <system-out/>
  <testcase classname="pv_admin.PV_LayerManagement" name="PV_LayerManagement_54" time="0.000">
    <skipped/>
  </testcase> <!-- PV_LayerManagement_54 -->
  <system-out/>
  <testcase classname="pv_admin.PV_LayerManagement" name="PV_LayerManagement_55" time="0.000">
    <skipped/>
  </testcase> <!-- PV_LayerManagement_55 -->
  <system-out/>
  <testcase classname="pv_admin.PV_LayerManagement" name="PV_LayerManagement_56" time="0.000">
    <skipped/>
  </testcase> <!-- PV_LayerManagement_56 -->
  <system-out/>
  <testcase classname="pv_admin.PV_LayerManagement" name="PV_LayerManagement_57" time="0.000">
    <skipped/>
  </testcase> <!-- PV_LayerManagement_57 -->
  <system-out/>
  <testcase classname="pv_admin.PV_LayerManagement" name="PV_LayerManagement_58" time="0.000">
    <skipped/>
  </testcase> <!-- PV_LayerManagement_58 -->
  <system-out/>
  <testcase classname="pv_admin.PV_LayerManagement" name="PV_LayerManagement_59" time="0.000">
    <skipped/>
  </testcase> <!-- PV_LayerManagement_59 -->
  <system-out/>
  <testcase classname="pv_admin.PV_LayerManagement" name="PV_LayerManagement_60" time="0.000">
    <skipped/>
  </testcase> <!-- PV_LayerManagement_60 -->
  <system-out/>
  <testcase classname="pv_admin.PV_LayerManagement" name="PV_LayerManagement_63" time="0.000">
    <skipped/>
  </testcase> <!-- PV_LayerManagement_63 -->
  <system-out/>
  <testcase classname="pv_admin.PV_LayerManagement" name="PV_LayerManagement_62" time="0.000">
    <skipped/>
  </testcase> <!-- PV_LayerManagement_62 -->
  <system-out/>
  <testcase classname="pv_admin.PV_LayerManagement" name="PV_LayerManagement_61" time="0.001">
    <skipped/>
  </testcase> <!-- PV_LayerManagement_61 -->
  <system-out/>
  <testcase classname="pv_admin.PV_LayerManagement" name="PV_LayerManagement_66" time="0.000">
    <skipped/>
  </testcase> <!-- PV_LayerManagement_66 -->
  <system-out/>
  <testcase classname="pv_admin.PV_LayerManagement" name="PV_LayerManagement_67" time="0.000">
    <skipped/>
  </testcase> <!-- PV_LayerManagement_67 -->
  <system-out/>
  <testcase classname="pv_admin.PV_LayerManagement" name="PV_LayerManagement_41" time="0.000">
    <skipped/>
  </testcase> <!-- PV_LayerManagement_41 -->
  <system-out/>
  <testcase classname="pv_admin.PV_LayerManagement" name="PV_LayerManagement_40" time="0.000">
    <skipped/>
  </testcase> <!-- PV_LayerManagement_40 -->
  <system-out/>
  <testcase classname="pv_admin.PV_LayerManagement" name="PV_LayerManagement_68" time="0.000">
    <skipped/>
  </testcase> <!-- PV_LayerManagement_68 -->
  <system-out/>
  <testcase classname="pv_admin.PV_LayerManagement" name="PV_LayerManagement_69" time="0.000">
    <skipped/>
  </testcase> <!-- PV_LayerManagement_69 -->
  <system-out/>
  <testcase classname="pv_admin.PV_LayerManagement" name="PV_LayerManagement_70" time="0.000">
    <skipped/>
  </testcase> <!-- PV_LayerManagement_70 -->
  <system-out/>
  <testcase classname="pv_admin.PV_LayerManagement" name="PV_LayerManagement_71" time="0.000">
    <skipped/>
  </testcase> <!-- PV_LayerManagement_71 -->
  <system-out/>
  <testcase classname="pv_admin.PV_LayerManagement" name="PV_LayerManagement_72" time="0.000">
    <skipped/>
  </testcase> <!-- PV_LayerManagement_72 -->
  <system-out/>
  <testcase classname="pv_admin.PV_LayerManagement" name="PV_LayerManagement_73" time="0.000">
    <skipped/>
  </testcase> <!-- PV_LayerManagement_73 -->
  <system-out/>
  <testcase classname="pv_admin.PV_LayerManagement" name="PV_LayerManagement_74" time="0.000">
    <skipped/>
  </testcase> <!-- PV_LayerManagement_74 -->
  <system-out/>
  <testcase classname="pv_admin.PV_LayerManagement" name="PV_LayerManagement_75" time="0.000">
    <skipped/>
  </testcase> <!-- PV_LayerManagement_75 -->
  <system-out/>
  <testcase classname="pv_admin.PV_LayerManagement" name="PV_LayerManagement_76" time="0.000">
    <skipped/>
  </testcase> <!-- PV_LayerManagement_76 -->
  <system-out/>
  <testcase classname="pv_admin.PV_LayerManagement" name="PV_LayerManagement_77" time="0.000">
    <skipped/>
  </testcase> <!-- PV_LayerManagement_77 -->
  <system-out/>
  <testcase classname="pv_admin.PV_LayerManagement" name="PV_LayerManagement_78" time="0.000">
    <skipped/>
  </testcase> <!-- PV_LayerManagement_78 -->
  <system-out/>
  <testcase classname="pv_admin.PV_LayerManagement" name="PV_LayerManagement_79" time="0.000">
    <skipped/>
  </testcase> <!-- PV_LayerManagement_79 -->
  <system-out/>
  <testcase classname="pv_admin.PV_LayerManagement" name="PV_LayerManagement_80" time="0.000">
    <skipped/>
  </testcase> <!-- PV_LayerManagement_80 -->
  <system-out/>
  <testcase classname="pv_admin.PV_LayerManagement" name="PV_LayerManagement_81" time="0.000">
    <skipped/>
  </testcase> <!-- PV_LayerManagement_81 -->
  <system-out/>
  <testcase classname="pv_admin.PV_LayerManagement" name="PV_LayerManagement_82" time="0.000">
    <skipped/>
  </testcase> <!-- PV_LayerManagement_82 -->
  <system-out/>
  <testcase classname="pv_admin.PV_LayerManagement" name="PV_LayerManagement_83" time="0.000">
    <skipped/>
  </testcase> <!-- PV_LayerManagement_83 -->
  <system-out/>
  <testcase classname="pv_admin.PV_LayerManagement" name="PV_LayerManagement_84" time="0.000">
    <skipped/>
  </testcase> <!-- PV_LayerManagement_84 -->
  <system-out/>
  <testcase classname="pv_admin.PV_LayerManagement" name="PV_LayerManagement_85" time="0.000">
    <skipped/>
  </testcase> <!-- PV_LayerManagement_85 -->
  <system-out/>
  <testcase classname="pv_admin.PV_LayerManagement" name="PV_LayerManagement_86" time="0.000">
    <skipped/>
  </testcase> <!-- PV_LayerManagement_86 -->
  <system-out/>
  <testcase classname="pv_admin.PV_LayerManagement" name="PV_LayerManagement_87" time="0.000">
    <skipped/>
  </testcase> <!-- PV_LayerManagement_87 -->
  <system-out/>
  <testcase classname="pv_admin.PV_LayerManagement" name="PV_LayerManagement_88" time="0.000">
    <skipped/>
  </testcase> <!-- PV_LayerManagement_88 -->
  <system-out/>
  <testcase classname="pv_admin.PV_LayerManagement" name="PV_LayerManagement_89" time="0.000">
    <skipped/>
  </testcase> <!-- PV_LayerManagement_89 -->
  <system-out/>
  <testcase classname="pv_admin.PV_LayerManagement" name="PV_LayerManagement_90" time="0.000">
    <skipped/>
  </testcase> <!-- PV_LayerManagement_90 -->
  <system-out/>
  <testcase classname="pv_admin.PV_LayerManagement" name="PV_LayerManagement_91" time="0.000">
    <skipped/>
  </testcase> <!-- PV_LayerManagement_91 -->
  <system-out/>
  <testcase classname="pv_admin.PV_LayerManagement" name="PV_LayerManagement_92" time="0.000">
    <skipped/>
  </testcase> <!-- PV_LayerManagement_92 -->
  <system-out/>
  <testcase classname="pv_admin.PV_LayerManagement" name="PV_LayerManagement_93" time="0.000">
    <skipped/>
  </testcase> <!-- PV_LayerManagement_93 -->
  <system-out/>
  <testcase classname="pv_admin.PV_LayerManagement" name="PV_LayerManagement_94" time="0.000">
    <skipped/>
  </testcase> <!-- PV_LayerManagement_94 -->
  <system-out/>
  <testcase classname="pv_admin.PV_LayerManagement" name="PV_LayerManagement_95" time="0.000">
    <skipped/>
  </testcase> <!-- PV_LayerManagement_95 -->
  <system-out/>
  <testcase classname="pv_admin.PV_LayerManagement" name="PV_LayerManagement_96" time="0.000">
    <skipped/>
  </testcase> <!-- PV_LayerManagement_96 -->
  <system-out/>
  <testcase classname="pv_admin.PV_LayerManagement" name="PV_LayerManagement_97" time="0.000">
    <skipped/>
  </testcase> <!-- PV_LayerManagement_97 -->
  <system-out/>
  <testcase classname="pv_admin.PV_LayerManagement" name="PV_LayerManagement_98" time="0.000">
    <skipped/>
  </testcase> <!-- PV_LayerManagement_98 -->
  <system-out/>
  <testcase classname="pv_admin.PV_LayerManagement" name="PV_LayerManagement_99" time="0.000">
    <skipped/>
  </testcase> <!-- PV_LayerManagement_99 -->
  <system-out/>
  <testcase classname="pv_admin.PV_LayerManagement" name="PV_LayerManagement_100" time="0.000">
    <skipped/>
  </testcase> <!-- PV_LayerManagement_100 -->
  <system-out/>
  <testcase classname="pv_admin.PV_LayerManagement" name="PV_LayerManagement_101" time="0.000">
    <skipped/>
  </testcase> <!-- PV_LayerManagement_101 -->
  <system-out/>
  <testcase classname="pv_admin.PV_LayerManagement" name="PV_LayerManagement_102" time="0.000">
    <skipped/>
  </testcase> <!-- PV_LayerManagement_102 -->
  <system-out/>
  <testcase classname="pv_admin.PV_LayerManagement" name="PV_LayerManagement_103" time="0.000">
    <skipped/>
  </testcase> <!-- PV_LayerManagement_103 -->
  <system-out/>
  <testcase classname="pv_admin.PV_LayerManagement" name="PV_LayerManagement_104" time="0.000">
    <skipped/>
  </testcase> <!-- PV_LayerManagement_104 -->
  <system-out/>
  <testcase classname="pv_admin.PV_LayerManagement" name="PV_LayerManagement_105" time="0.000">
    <skipped/>
  </testcase> <!-- PV_LayerManagement_105 -->
  <system-out/>
  <testcase classname="pv_admin.PV_LayerManagement" name="PV_LayerManagement_106" time="0.000">
    <skipped/>
  </testcase> <!-- PV_LayerManagement_106 -->
  <system-out/>
  <testcase classname="pv_admin.PV_LayerManagement" name="PV_LayerManagement_107" time="0.000">
    <skipped/>
  </testcase> <!-- PV_LayerManagement_107 -->
  <system-out/>
  <testcase classname="pv_admin.PV_LayerManagement" name="PV_LayerManagement_108" time="0.000">
    <skipped/>
  </testcase> <!-- PV_LayerManagement_108 -->
  <system-out/>
  <testcase classname="pv_admin.PV_LayerManagement" name="PV_LayerManagement_109" time="0.000">
    <skipped/>
  </testcase> <!-- PV_LayerManagement_109 -->
  <system-out/>
  <testcase classname="pv_admin.PV_LayerManagement" name="PV_LayerManagement_110" time="0.000">
    <skipped/>
  </testcase> <!-- PV_LayerManagement_110 -->
  <system-out/>
  <testcase classname="pv_admin.PV_LayerManagement" name="PV_LayerManagement_111" time="0.000">
    <skipped/>
  </testcase> <!-- PV_LayerManagement_111 -->
  <system-out/>
  <testcase classname="pv_admin.PV_LayerManagement" name="PV_LayerManagement_112" time="0.000">
    <skipped/>
  </testcase> <!-- PV_LayerManagement_112 -->
  <system-out/>
  <testcase classname="pv_admin.PV_LayerManagement" name="PV_LayerManagement_113" time="0.000">
    <skipped/>
  </testcase> <!-- PV_LayerManagement_113 -->
  <system-out/>
  <testcase classname="pv_admin.PV_LayerManagement" name="PV_LayerManagement_114" time="0.000">
    <skipped/>
  </testcase> <!-- PV_LayerManagement_114 -->
  <system-out/>
  <testcase classname="pv_admin.PV_LayerManagement" name="PV_LayerManagement_115" time="0.000">
    <skipped/>
  </testcase> <!-- PV_LayerManagement_115 -->
  <system-out/>
  <testcase classname="pv_admin.PV_LayerManagement" name="PV_LayerManagement_116" time="0.000">
    <skipped/>
  </testcase> <!-- PV_LayerManagement_116 -->
  <system-out/>
  <testcase classname="pv_admin.PV_LayerManagement" name="PV_LayerManagement_117" time="0.000">
    <skipped/>
  </testcase> <!-- PV_LayerManagement_117 -->
  <system-out/>
</testsuite> <!-- pv_admin.PV_LayerManagement -->
