<?xml version="1.0" encoding="UTF-8"?>
<!-- Generated by org.testng.reporters.JUnitReportReporter -->
<testsuite hostname="QUASPC1212" failures="0" tests="1" name="pv_admin.PV_LandingPage_UI" time="34.667" errors="0" timestamp="23 Nov 2021 13:06:27 GMT" skipped="0">
  <testcase classname="pv_admin.PV_LandingPage_UI" name="Test_01" time="34.667"/>
</testsuite> <!-- pv_admin.PV_LandingPage_UI -->
