<?xml version="1.0" encoding="UTF-8"?>
<!-- Generated by org.testng.reporters.JUnitReportReporter -->
<testsuite hostname="QUASPC1212" failures="0" tests="1" name="pv_admin.PV_CrimeMapping" time="81.172" errors="0" timestamp="2022-04-29T14:19:25 IST" skipped="0">
  <testcase classname="pv_admin.PV_CrimeMapping" name="PV_CrimeMapping_185" time="81.172"/>
  <system-out/>
</testsuite> <!-- pv_admin.PV_CrimeMapping -->
