<?xml version="1.0" encoding="UTF-8"?>
<!-- Generated by org.testng.reporters.JUnitReportReporter -->
<testsuite hostname="QUASPC1212" failures="0" tests="1" name="pv_admin.PV_Patrollings" time="79.518" errors="0" timestamp="2022-05-10T12:35:52 IST" skipped="0">
  <testcase classname="pv_admin.PV_Patrollings" name="PV_Patrollings_64" time="79.518"/>
  <system-out/>
</testsuite> <!-- pv_admin.PV_Patrollings -->
