<?xml version="1.0" encoding="UTF-8"?>
<!-- Generated by org.testng.reporters.JUnitReportReporter -->
<testsuite hostname="QUASPC1212" failures="0" tests="1" name="pv_admin.Police_Vertical_Settings" time="33.907" errors="0" timestamp="11 Nov 2021 04:46:04 GMT" skipped="0">
  <testcase classname="pv_admin.Police_Vertical_Settings" name="Test_1" time="33.907"/>
</testsuite> <!-- pv_admin.Police_Vertical_Settings -->
