<?xml version="1.0" encoding="UTF-8"?>
<!-- Generated by org.testng.reporters.JUnitReportReporter -->
<testsuite hostname="QUASPC1212" failures="0" tests="1" name="pv_admin.PV_UserManagement" time="23.162" errors="0" timestamp="2022-02-23T15:13:02 IST" skipped="0">
  <testcase classname="pv_admin.PV_UserManagement" name="PV_UserManagement_01" time="23.162"/>
  <system-out/>
</testsuite> <!-- pv_admin.PV_UserManagement -->
