<?xml version="1.0" encoding="UTF-8"?>
<!-- Generated by org.testng.reporters.JUnitReportReporter -->
<testsuite hostname="QUASPC1212" failures="0" tests="1" name="pv_admin.PV_UserManagement" time="38.574" errors="0" timestamp="2022-04-11T15:36:19 IST" skipped="0">
  <testcase classname="pv_admin.PV_UserManagement" name="PV_UserManagement_173" time="38.574"/>
  <system-out/>
</testsuite> <!-- pv_admin.PV_UserManagement -->
