<?xml version="1.0" encoding="UTF-8"?>
<!-- Generated by org.testng.reporters.JUnitReportReporter -->
<testsuite hostname="QUASPC1212" failures="0" tests="1" name="pv_admin.PV_AdminPage" time="47.233" errors="0" timestamp="11 Nov 2021 09:39:35 GMT" skipped="0">
  <testcase classname="pv_admin.PV_AdminPage" name="Test_3" time="47.233"/>
</testsuite> <!-- pv_admin.PV_AdminPage -->
