<?xml version="1.0" encoding="UTF-8"?>
<!-- Generated by org.testng.reporters.JUnitReportReporter -->
<testsuite hostname="QUASPC1212" failures="0" tests="1" name="pv_admin.PV_Dashboard" time="39.822" errors="0" timestamp="2022-03-30T11:54:31 IST" skipped="0">
  <testcase classname="pv_admin.PV_Dashboard" name="PV_Dashboard_06" time="39.822"/>
  <system-out/>
</testsuite> <!-- pv_admin.PV_Dashboard -->
