<?xml version="1.0" encoding="UTF-8"?>
<!-- Generated by org.testng.reporters.JUnitReportReporter -->
<testsuite hostname="QUASPC1212" failures="0" tests="1" name="pv_admin.PV_LayerManagement" time="27.425" errors="0" timestamp="2022-03-01T17:31:03 IST" skipped="0">
  <testcase classname="pv_admin.PV_LayerManagement" name="PV_LayerManagement_43" time="27.425"/>
  <system-out/>
</testsuite> <!-- pv_admin.PV_LayerManagement -->
